{"name":"Unsuccessfull checkout","status":"failed","statusDetails":{"known":false,"muted":false,"flaky":false,"message":"Invalid checkout fails expected [true] but found [false]","trace":"java.lang.AssertionError: Invalid checkout fails expected [true] but found [false]\r\n\tat org.testng.Assert.fail(Assert.java:97)\r\n\tat org.testng.Assert.failNotEquals(Assert.java:969)\r\n\tat org.testng.Assert.assertTrue(Assert.java:43)\r\n\tat stepdefinition.tc8_InvalidCheckout.error_message_is_displayed(tc8_InvalidCheckout.java:30)\r\n\tat ✽.error message is displayed(file:///C:/Selenium%20demo/capstone_project/features/checkout.feature:17)\r\n"},"stage":"finished","steps":[{"name":"Given  the user in the login window","status":"passed","statusDetails":{"known":false,"muted":false,"flaky":false},"stage":"finished","steps":[],"attachments":[],"parameters":[],"start":1764309662548,"stop":1764309662550},{"name":"When  user enters valid \"standard_user\" and valid \"secret_sauce\"","status":"passed","statusDetails":{"known":false,"muted":false,"flaky":false},"stage":"finished","steps":[],"attachments":[],"parameters":[],"start":1764309662550,"stop":1764309662926},{"name":"Given  the user adds \"Sauce Labs Backpack\" to cart","status":"passed","statusDetails":{"known":false,"muted":false,"flaky":false},"stage":"finished","steps":[],"attachments":[],"parameters":[],"start":1764309662927,"stop":1764309665284},{"name":"When  he proceeds to checkout with firstname \"abc\" lastname as \"gvc\" and postal code as \"w\"","status":"passed","statusDetails":{"known":false,"muted":false,"flaky":false},"stage":"finished","steps":[],"attachments":[],"parameters":[],"start":1764309665285,"stop":1764309665666},{"name":"Then  error message is displayed","status":"failed","statusDetails":{"known":false,"muted":false,"flaky":false,"message":"Invalid checkout fails expected [true] but found [false]","trace":"java.lang.AssertionError: Invalid checkout fails expected [true] but found [false]\r\n\tat org.testng.Assert.fail(Assert.java:97)\r\n\tat org.testng.Assert.failNotEquals(Assert.java:969)\r\n\tat org.testng.Assert.assertTrue(Assert.java:43)\r\n\tat stepdefinition.tc8_InvalidCheckout.error_message_is_displayed(tc8_InvalidCheckout.java:30)\r\n\tat ✽.error message is displayed(file:///C:/Selenium%20demo/capstone_project/features/checkout.feature:17)\r\n"},"stage":"finished","steps":[],"attachments":[{"name":"screenshot taken successfully","source":"46fce9f4-c777-41cb-a83e-a23cf8a3d46d-attachment.txt","type":"text/plain"}],"parameters":[],"start":1764309665667,"stop":1764309665824}],"attachments":[],"parameters":[],"start":1764309661041,"stop":1764309666098,"uuid":"565f7d46-283a-45f0-9df4-295800cd6df9","historyId":"b8661816c7408f640cb9dc46eec22a2c","fullName":"Checkout functionality: Unsuccessfull checkout","labels":[{"name":"tag","value":"checkout"},{"name":"host","value":"3578b3d9bbce572"},{"name":"thread","value":"5936@3578b3d9bbce572.main(3)"},{"name":"feature","value":"Checkout functionality"},{"name":"story","value":"Unsuccessfull checkout"},{"name":"suite","value":"Checkout functionality"},{"name":"testClass","value":"Unsuccessfull checkout"},{"name":"framework","value":"cucumber4jvm"},{"name":"language","value":"java"},{"name":"gherkin_uri","value":"file:///C:/Selenium%20demo/capstone_project/features/checkout.feature"},{"name":"package","value":"features.checkout_feature.Checkout functionality"}],"links":[]}