<?xml version="1.0" encoding="UTF-8"?>
<!-- Generated by org.testng.reporters.JUnitReportReporter -->
<testsuite hostname="3578b3d9bbce572" failures="0" tests="22" name="testrunner" time="59.651" errors="0" timestamp="2025-11-26T16:58:15 IST" skipped="0">
  <testcase classname="testrunner" name="runScenario" time="4.383"/>
  <system-out/>
  <testcase classname="testrunner" name="runScenario" time="1.776"/>
  <system-out/>
  <testcase classname="testrunner" name="runScenario" time="5.125"/>
  <system-out/>
  <testcase classname="testrunner" name="runScenario" time="1.762"/>
  <system-out/>
  <testcase classname="testrunner" name="runScenario" time="2.113"/>
  <system-out/>
  <testcase classname="testrunner" name="runScenario" time="1.898"/>
  <system-out/>
  <testcase classname="testrunner" name="runScenario" time="1.788"/>
  <system-out/>
  <testcase classname="testrunner" name="runScenario" time="2.045"/>
  <system-out/>
  <testcase classname="testrunner" name="runScenario" time="1.894"/>
  <system-out/>
  <testcase classname="testrunner" name="runScenario" time="1.910"/>
  <system-out/>
  <testcase classname="testrunner" name="runScenario" time="3.391"/>
  <system-out/>
  <testcase classname="testrunner" name="runScenario" time="7.002"/>
  <system-out/>
  <testcase classname="testrunner" name="runScenario" time="2.407"/>
  <system-out/>
  <testcase classname="testrunner" name="runScenario" time="4.762"/>
  <system-out/>
  <testcase classname="testrunner" name="runScenario" time="3.311"/>
  <system-out/>
  <testcase classname="testrunner" name="runScenario" time="2.138"/>
  <system-out/>
  <testcase classname="testrunner" name="runScenario" time="1.914"/>
  <system-out/>
  <testcase classname="testrunner" name="runScenario" time="1.912"/>
  <system-out/>
  <testcase classname="testrunner" name="runScenario" time="2.262"/>
  <system-out/>
  <testcase classname="testrunner" name="runScenario" time="1.851"/>
  <system-out/>
  <testcase classname="testrunner" name="runScenario" time="2.240"/>
  <system-out/>
  <testcase classname="testrunner" name="runScenario" time="1.767"/>
  <system-out/>
</testsuite> <!-- testrunner -->
