<?xml version="1.0" encoding="UTF-8"?>
<!-- Generated by org.testng.reporters.JUnitReportReporter -->
<testsuite hostname="3578b3d9bbce572" failures="1" tests="22" name="testrunner" time="61.640" errors="0" timestamp="2025-11-28T11:31:52 IST" skipped="0">
  <testcase classname="testrunner" name="runScenario" time="2.237"/>
  <system-out/>
  <testcase classname="testrunner" name="runScenario" time="1.905"/>
  <system-out/>
  <testcase classname="testrunner" name="runScenario" time="7.099"/>
  <system-out/>
  <testcase classname="testrunner" name="runScenario" time="5.021"/>
  <system-out/>
  <testcase classname="testrunner" name="runScenario" time="5.075">
    <failure message="Invalid checkout fails expected [true] but found [false]" type="java.lang.AssertionError">
      <![CDATA[java.lang.AssertionError: Invalid checkout fails expected [true] but found [false]
at org.testng.Assert.fail(Assert.java:97)
at org.testng.Assert.failNotEquals(Assert.java:969)
at org.testng.Assert.assertTrue(Assert.java:43)
at stepdefinition.tc8_InvalidCheckout.error_message_is_displayed(tc8_InvalidCheckout.java:30)
at âœ½.error message is displayed(file:///C:/Selenium%20demo/capstone_project/features/checkout.feature:17)
]]>
    </failure>
  </testcase> <!-- runScenario -->
  <system-out/>
  <testcase classname="testrunner" name="runScenario" time="2.333"/>
  <system-out/>
  <testcase classname="testrunner" name="runScenario" time="1.982"/>
  <system-out/>
  <testcase classname="testrunner" name="runScenario" time="2.401"/>
  <system-out/>
  <testcase classname="testrunner" name="runScenario" time="2.227"/>
  <system-out/>
  <testcase classname="testrunner" name="runScenario" time="4.169"/>
  <system-out/>
  <testcase classname="testrunner" name="runScenario" time="1.861"/>
  <system-out/>
  <testcase classname="testrunner" name="runScenario" time="1.937"/>
  <system-out/>
  <testcase classname="testrunner" name="runScenario" time="2.295"/>
  <system-out/>
  <testcase classname="testrunner" name="runScenario" time="2.455"/>
  <system-out/>
  <testcase classname="testrunner" name="runScenario" time="2.395"/>
  <system-out/>
  <testcase classname="testrunner" name="runScenario" time="3.561"/>
  <system-out/>
  <testcase classname="testrunner" name="runScenario" time="2.149"/>
  <system-out/>
  <testcase classname="testrunner" name="runScenario" time="1.990"/>
  <system-out/>
  <testcase classname="testrunner" name="runScenario" time="2.159"/>
  <system-out/>
  <testcase classname="testrunner" name="runScenario" time="2.102"/>
  <system-out/>
  <testcase classname="testrunner" name="runScenario" time="2.004"/>
  <system-out/>
  <testcase classname="testrunner" name="runScenario" time="2.283"/>
  <system-out/>
</testsuite> <!-- testrunner -->
