<?xml version="1.0" encoding="UTF-8"?>
<testsuite xmlns:xsi="http://www.w3.org/2001/XMLSchema-instance" xsi:noNamespaceSchemaLocation="https://maven.apache.org/surefire/maven-surefire-plugin/xsd/surefire-test-report.xsd" name="TestSuite" time="63.723" tests="22" errors="0" skipped="0" failures="1">
  <properties>
[...]
</properties>
  <testcase name="runScenario" classname="testrunner" time="3.563"/>
  <testcase name="runScenario" classname="testrunner" time="2.4"/>
  <testcase name="runScenario" classname="testrunner" time="5.021"/>
  <testcase name="runScenario" classname="testrunner" time="5.081">
    <failure message="Invalid checkout fails expected [true] but found [false]" type="java.lang.AssertionError">java.lang.AssertionError: Invalid checkout fails expected [true] but found [false]
</failure>
    <system-out><![CDATA[
@checkout
Scenario: Unsuccessfull checkout                                                             # features/checkout.feature:14
  Given the user in the login window                                                         # stepdefinition.tc1_validLogin.the_user_in_the_login_window()
  When user enters valid "standard_user" and valid "secret_sauce"                            # stepdefinition.tc1_validLogin.user_enters_valid_and_valid(java.lang.String,java.lang.String)
  Given the user adds "Sauce Labs Backpack" to cart                                          # stepdefinition.tc7_checkout.the_user_adds_to_cart(java.lang.String)
  When he proceeds to checkout with firstname "abc" lastname as "gvc" and postal code as "w" # stepdefinition.tc7_checkout.he_proceeds_to_checkout_with_firstname_lastname_as_and_postal_code_as(java.lang.String,java.lang.String,java.lang.String)
  Then error message is displayed                                                            # stepdefinition.tc8_InvalidCheckout.error_message_is_displayed()
      java.lang.AssertionError: Invalid checkout fails expected [true] but found [false]
	at org.testng.Assert.fail(Assert.java:97)
	at org.testng.Assert.failNotEquals(Assert.java:969)
	at org.testng.Assert.assertTrue(Assert.java:43)
	at stepdefinition.tc8_InvalidCheckout.error_message_is_displayed(tc8_InvalidCheckout.java:30)
	at ✽.error message is displayed(file:///C:/Selenium%20demo/capstone_project/features/checkout.feature:17)

]]></system-out>
  </testcase>
  <testcase name="runScenario" classname="testrunner" time="2.283"/>
  <testcase name="runScenario" classname="testrunner" time="2.333"/>
  <testcase name="runScenario" classname="testrunner" time="2.237"/>
  <testcase name="runScenario" classname="testrunner" time="2.159"/>
  <testcase name="runScenario" classname="testrunner" time="2.228"/>
  <testcase name="runScenario" classname="testrunner" time="2.004"/>
  <testcase name="runScenario" classname="testrunner" time="7.099"/>
  <testcase name="runScenario" classname="testrunner" time="2.394"/>
  <testcase name="runScenario" classname="testrunner" time="2.455"/>
  <testcase name="runScenario" classname="testrunner" time="1.937"/>
  <testcase name="runScenario" classname="testrunner" time="1.862"/>
  <testcase name="runScenario" classname="testrunner" time="1.904"/>
  <testcase name="runScenario" classname="testrunner" time="1.983"/>
  <testcase name="runScenario" classname="testrunner" time="1.99"/>
  <testcase name="runScenario" classname="testrunner" time="4.169"/>
  <testcase name="runScenario" classname="testrunner" time="2.295"/>
  <testcase name="runScenario" classname="testrunner" time="2.103"/>
  <testcase name="runScenario" classname="testrunner" time="2.149"/>
</testsuite>